# JRE version: Java(TM) SE Runtime Environment (23.0.2+7) (build 23.0.2+7-58)
# Java VM: Java HotSpot(TM) 64-Bit Server VM (23.0.2+7-58, mixed mode, emulated-client, sharing, tiered, compressed oops, compressed class ptrs, g1 gc, windows-amd64)
GC Precious Log:
 CardTable entry size: 512
 Card Set container configuration: InlinePtr #cards 5 size 8 Array Of Cards #cards 10 size 36 Howl #buckets 4 coarsen threshold 1843 Howl Bitmap #cards 512 size 80 coarsen threshold 460 Card regions per heap region 1 cards per card region 2048
 CPUs: 16 total, 16 available
 Memory: 7520M
 Large Page Support: Disabled
 NUMA Support: Disabled
 Compressed Oops: Enabled (32-bit)
 Heap Region Size: 1M
 Heap Min Capacity: 8M
 Heap Initial Capacity: 118M
 Heap Max Capacity: 1882M
 Pre-touch: Disabled
 Parallel Workers: 13
 Concurrent Workers: 3
 Concurrent Refinement Workers: 13
 Periodic GC: Disabled
Heap:
 garbage-first heap   total reserved 1927168K, committed 81920K, used 53248K [0x000000008a600000, 0x0000000100000000)
  region size 1024K, 2 young (2048K), 2 survivors (2048K)
 Metaspace       used 71311K, committed 72000K, reserved 1114112K
  class space    used 10757K, committed 11072K, reserved 1048576K
GC Heap History (20 events):
Event: 11.605 GC heap after
{Heap after GC invocations=13 (full 0):
 garbage-first heap   total reserved 1927168K, committed 66560K, used 28843K [0x000000008a600000, 0x0000000100000000)
  region size 1024K, 4 young (4096K), 4 survivors (4096K)
 Metaspace       used 55977K, committed 56640K, reserved 1114112K
  class space    used 8195K, committed 8512K, reserved 1048576K
}
Event: 12.037 GC heap before
{Heap before GC invocations=13 (full 0):
 garbage-first heap   total reserved 1927168K, committed 66560K, used 43179K [0x000000008a600000, 0x0000000100000000)
  region size 1024K, 19 young (19456K), 4 survivors (4096K)
 Metaspace       used 59476K, committed 60160K, reserved 1114112K
  class space    used 8749K, committed 9088K, reserved 1048576K
}
Event: 12.043 GC heap after
{Heap after GC invocations=14 (full 0):
 garbage-first heap   total reserved 1927168K, committed 66560K, used 29794K [0x000000008a600000, 0x0000000100000000)
  region size 1024K, 2 young (2048K), 2 survivors (2048K)
 Metaspace       used 59476K, committed 60160K, reserved 1114112K
  class space    used 8749K, committed 9088K, reserved 1048576K
}
Event: 21.998 GC heap before
{Heap before GC invocations=15 (full 0):
 garbage-first heap   total reserved 1927168K, committed 66560K, used 58466K [0x000000008a600000, 0x0000000100000000)
  region size 1024K, 31 young (31744K), 2 survivors (2048K)
 Metaspace       used 63888K, committed 64640K, reserved 1114112K
  class space    used 9404K, committed 9728K, reserved 1048576K
}
Event: 22.002 GC heap after
{Heap after GC invocations=16 (full 0):
 garbage-first heap   total reserved 1927168K, committed 66560K, used 31974K [0x000000008a600000, 0x0000000100000000)
  region size 1024K, 4 young (4096K), 4 survivors (4096K)
 Metaspace       used 63888K, committed 64640K, reserved 1114112K
  class space    used 9404K, committed 9728K, reserved 1048576K
}
Event: 22.291 GC heap before
{Heap before GC invocations=16 (full 0):
 garbage-first heap   total reserved 1927168K, committed 66560K, used 56550K [0x000000008a600000, 0x0000000100000000)
  region size 1024K, 29 young (29696K), 4 survivors (4096K)
 Metaspace       used 65891K, committed 66624K, reserved 1114112K
  class space    used 9781K, committed 10112K, reserved 1048576K
}
Event: 22.300 GC heap after
{Heap after GC invocations=17 (full 0):
 garbage-first heap   total reserved 1927168K, committed 66560K, used 33504K [0x000000008a600000, 0x0000000100000000)
  region size 1024K, 2 young (2048K), 2 survivors (2048K)
 Metaspace       used 65891K, committed 66624K, reserved 1114112K
  class space    used 9781K, committed 10112K, reserved 1048576K
}
Event: 22.505 GC heap before
{Heap before GC invocations=17 (full 0):
 garbage-first heap   total reserved 1927168K, committed 66560K, used 60128K [0x000000008a600000, 0x0000000100000000)
  region size 1024K, 28 young (28672K), 2 survivors (2048K)
 Metaspace       used 67006K, committed 67712K, reserved 1114112K
  class space    used 10103K, committed 10432K, reserved 1048576K
}
Event: 22.508 GC heap after
{Heap after GC invocations=18 (full 0):
 garbage-first heap   total reserved 1927168K, committed 66560K, used 34002K [0x000000008a600000, 0x0000000100000000)
  region size 1024K, 3 young (3072K), 3 survivors (3072K)
 Metaspace       used 67006K, committed 67712K, reserved 1114112K
  class space    used 10103K, committed 10432K, reserved 1048576K
}
Event: 23.886 GC heap before
{Heap before GC invocations=19 (full 0):
 garbage-first heap   total reserved 1927168K, committed 66560K, used 57554K [0x000000008a600000, 0x0000000100000000)
  region size 1024K, 27 young (27648K), 3 survivors (3072K)
 Metaspace       used 70725K, committed 71424K, reserved 1114112K
  class space    used 10664K, committed 10944K, reserved 1048576K
}
Event: 23.889 GC heap after
{Heap after GC invocations=20 (full 0):
 garbage-first heap   total reserved 1927168K, committed 66560K, used 35228K [0x000000008a600000, 0x0000000100000000)
  region size 1024K, 3 young (3072K), 3 survivors (3072K)
 Metaspace       used 70725K, committed 71424K, reserved 1114112K
  class space    used 10664K, committed 10944K, reserved 1048576K
}
Event: 24.150 GC heap before
{Heap before GC invocations=20 (full 0):
 garbage-first heap   total reserved 1927168K, committed 66560K, used 57756K [0x000000008a600000, 0x0000000100000000)
  region size 1024K, 25 young (25600K), 3 survivors (3072K)
 Metaspace       used 71267K, committed 72000K, reserved 1114112K
  class space    used 10748K, committed 11072K, reserved 1048576K
}
Event: 24.155 GC heap after
{Heap after GC invocations=21 (full 0):
 garbage-first heap   total reserved 1927168K, committed 66560K, used 35572K [0x000000008a600000, 0x0000000100000000)
  region size 1024K, 3 young (3072K), 3 survivors (3072K)
 Metaspace       used 71267K, committed 72000K, reserved 1114112K
  class space    used 10748K, committed 11072K, reserved 1048576K
}
Event: 24.205 GC heap before
{Heap before GC invocations=21 (full 0):
 garbage-first heap   total reserved 1927168K, committed 66560K, used 59124K [0x000000008a600000, 0x0000000100000000)
  region size 1024K, 26 young (26624K), 3 survivors (3072K)
 Metaspace       used 71274K, committed 72000K, reserved 1114112K
  class space    used 10749K, committed 11072K, reserved 1048576K
}
Event: 24.208 GC heap after
{Heap after GC invocations=22 (full 0):
 garbage-first heap   total reserved 1927168K, committed 66560K, used 35581K [0x000000008a600000, 0x0000000100000000)
  region size 1024K, 3 young (3072K), 3 survivors (3072K)
 Metaspace       used 71274K, committed 72000K, reserved 1114112K
  class space    used 10749K, committed 11072K, reserved 1048576K
}
Event: 24.288 GC heap before
{Heap before GC invocations=23 (full 0):
 garbage-first heap   total reserved 1927168K, committed 66560K, used 58109K [0x000000008a600000, 0x0000000100000000)
  region size 1024K, 25 young (25600K), 3 survivors (3072K)
 Metaspace       used 71311K, committed 72000K, reserved 1114112K
  class space    used 10757K, committed 11072K, reserved 1048576K
}
Event: 24.299 GC heap after
{Heap after GC invocations=24 (full 0):
 garbage-first heap   total reserved 1927168K, committed 68608K, used 42071K [0x000000008a600000, 0x0000000100000000)
  region size 1024K, 4 young (4096K), 4 survivors (4096K)
 Metaspace       used 71311K, committed 72000K, reserved 1114112K
  class space    used 10757K, committed 11072K, reserved 1048576K
}
Event: 24.336 GC heap before
{Heap before GC invocations=24 (full 0):
 garbage-first heap   total reserved 1927168K, committed 68608K, used 58455K [0x000000008a600000, 0x0000000100000000)
  region size 1024K, 20 young (20480K), 4 survivors (4096K)
 Metaspace       used 71311K, committed 72000K, reserved 1114112K
  class space    used 10757K, committed 11072K, reserved 1048576K
}
Event: 24.346 GC heap after
{Heap after GC invocations=25 (full 0):
 garbage-first heap   total reserved 1927168K, committed 70656K, used 48384K [0x000000008a600000, 0x0000000100000000)
  region size 1024K, 3 young (3072K), 3 survivors (3072K)
 Metaspace       used 71311K, committed 72000K, reserved 1114112K
  class space    used 10757K, committed 11072K, reserved 1048576K
}
Event: 24.372 GC heap before
{Heap before GC invocations=25 (full 0):
 garbage-first heap   total reserved 1927168K, committed 70656K, used 60672K [0x000000008a600000, 0x0000000100000000)
  region size 1024K, 15 young (15360K), 3 survivors (3072K)
 Metaspace       used 71311K, committed 72000K, reserved 1114112K
  class space    used 10757K, committed 11072K, reserved 1048576K
}

